ERROR - 2023-05-15 12:46:30 --> Error connecting to the database: mysqli_sql_exception: Unknown database 'ci_uts' in C:\Users\HP\Desktop\Bintang Fajar Julio_2007411033_CI UTS\system\Database\MySQLi\Connection.php:174
Stack trace:
#0 C:\Users\HP\Desktop\Bintang Fajar Julio_2007411033_CI UTS\system\Database\MySQLi\Connection.php(174): mysqli->real_connect('localhost', 'root', '', 'ci_uts', 3306, '', 0)
#1 C:\Users\HP\Desktop\Bintang Fajar Julio_2007411033_CI UTS\system\Database\BaseConnection.php(391): CodeIgniter\Database\MySQLi\Connection->connect(false)
#2 C:\Users\HP\Desktop\Bintang Fajar Julio_2007411033_CI UTS\system\Database\BaseConnection.php(574): CodeIgniter\Database\BaseConnection->initialize()
#3 C:\Users\HP\Desktop\Bintang Fajar Julio_2007411033_CI UTS\system\Database\BaseConnection.php(1409): CodeIgniter\Database\BaseConnection->query('SHOW TABLES FRO...')
#4 C:\Users\HP\Desktop\Bintang Fajar Julio_2007411033_CI UTS\system\Database\BaseConnection.php(1428): CodeIgniter\Database\BaseConnection->listTables()
#5 C:\Users\HP\Desktop\Bintang Fajar Julio_2007411033_CI UTS\system\Database\MigrationRunner.php(768): CodeIgniter\Database\BaseConnection->tableExists('migrations')
#6 C:\Users\HP\Desktop\Bintang Fajar Julio_2007411033_CI UTS\system\Database\MigrationRunner.php(168): CodeIgniter\Database\MigrationRunner->ensureTable()
#7 C:\Users\HP\Desktop\Bintang Fajar Julio_2007411033_CI UTS\system\Commands\Database\Migrate.php(84): CodeIgniter\Database\MigrationRunner->latest(NULL)
#8 C:\Users\HP\Desktop\Bintang Fajar Julio_2007411033_CI UTS\system\CLI\Commands.php(65): CodeIgniter\Commands\Database\Migrate->run(Array)
#9 C:\Users\HP\Desktop\Bintang Fajar Julio_2007411033_CI UTS\system\CLI\Console.php(37): CodeIgniter\CLI\Commands->run('migrate', Array)
#10 C:\Users\HP\Desktop\Bintang Fajar Julio_2007411033_CI UTS\spark(97): CodeIgniter\CLI\Console->run()
#11 {main}

Next CodeIgniter\Database\Exceptions\DatabaseException: Unknown database 'ci_uts' in C:\Users\HP\Desktop\Bintang Fajar Julio_2007411033_CI UTS\system\Database\MySQLi\Connection.php:218
Stack trace:
#0 C:\Users\HP\Desktop\Bintang Fajar Julio_2007411033_CI UTS\system\Database\BaseConnection.php(391): CodeIgniter\Database\MySQLi\Connection->connect(false)
#1 C:\Users\HP\Desktop\Bintang Fajar Julio_2007411033_CI UTS\system\Database\BaseConnection.php(574): CodeIgniter\Database\BaseConnection->initialize()
#2 C:\Users\HP\Desktop\Bintang Fajar Julio_2007411033_CI UTS\system\Database\BaseConnection.php(1409): CodeIgniter\Database\BaseConnection->query('SHOW TABLES FRO...')
#3 C:\Users\HP\Desktop\Bintang Fajar Julio_2007411033_CI UTS\system\Database\BaseConnection.php(1428): CodeIgniter\Database\BaseConnection->listTables()
#4 C:\Users\HP\Desktop\Bintang Fajar Julio_2007411033_CI UTS\system\Database\MigrationRunner.php(768): CodeIgniter\Database\BaseConnection->tableExists('migrations')
#5 C:\Users\HP\Desktop\Bintang Fajar Julio_2007411033_CI UTS\system\Database\MigrationRunner.php(168): CodeIgniter\Database\MigrationRunner->ensureTable()
#6 C:\Users\HP\Desktop\Bintang Fajar Julio_2007411033_CI UTS\system\Commands\Database\Migrate.php(84): CodeIgniter\Database\MigrationRunner->latest(NULL)
#7 C:\Users\HP\Desktop\Bintang Fajar Julio_2007411033_CI UTS\system\CLI\Commands.php(65): CodeIgniter\Commands\Database\Migrate->run(Array)
#8 C:\Users\HP\Desktop\Bintang Fajar Julio_2007411033_CI UTS\system\CLI\Console.php(37): CodeIgniter\CLI\Commands->run('migrate', Array)
#9 C:\Users\HP\Desktop\Bintang Fajar Julio_2007411033_CI UTS\spark(97): CodeIgniter\CLI\Console->run()
#10 {main}
CRITICAL - 2023-05-15 15:07:34 --> Unsupported operand types: string + int
in APPPATH\Controllers\MahasiswaController.php on line 70.
 1 SYSTEMPATH\CodeIgniter.php(934): App\Controllers\MahasiswaController->fetch()
 2 SYSTEMPATH\CodeIgniter.php(499): CodeIgniter\CodeIgniter->runController(Object(App\Controllers\MahasiswaController))
 3 SYSTEMPATH\CodeIgniter.php(368): CodeIgniter\CodeIgniter->handleRequest(null, Object(Config\Cache), false)
 4 FCPATH\index.php(67): CodeIgniter\CodeIgniter->run()
 5 SYSTEMPATH\Commands\Server\rewrite.php(47): require_once('C:\\Users\\HP\\Desktop\\Bintang Fajar Julio_2007411033_CI UTS\\public\\index.php')
CRITICAL - 2023-05-15 15:08:46 --> Unsupported operand types: string + int
in APPPATH\Controllers\MahasiswaController.php on line 70.
 1 SYSTEMPATH\CodeIgniter.php(934): App\Controllers\MahasiswaController->fetch()
 2 SYSTEMPATH\CodeIgniter.php(499): CodeIgniter\CodeIgniter->runController(Object(App\Controllers\MahasiswaController))
 3 SYSTEMPATH\CodeIgniter.php(368): CodeIgniter\CodeIgniter->handleRequest(null, Object(Config\Cache), false)
 4 FCPATH\index.php(67): CodeIgniter\CodeIgniter->run()
 5 SYSTEMPATH\Commands\Server\rewrite.php(47): require_once('C:\\Users\\HP\\Desktop\\Bintang Fajar Julio_2007411033_CI UTS\\public\\index.php')
CRITICAL - 2023-05-15 15:08:58 --> Unsupported operand types: string + int
in APPPATH\Controllers\MahasiswaController.php on line 70.
 1 SYSTEMPATH\CodeIgniter.php(934): App\Controllers\MahasiswaController->fetch()
 2 SYSTEMPATH\CodeIgniter.php(499): CodeIgniter\CodeIgniter->runController(Object(App\Controllers\MahasiswaController))
 3 SYSTEMPATH\CodeIgniter.php(368): CodeIgniter\CodeIgniter->handleRequest(null, Object(Config\Cache), false)
 4 FCPATH\index.php(67): CodeIgniter\CodeIgniter->run()
 5 SYSTEMPATH\Commands\Server\rewrite.php(47): require_once('C:\\Users\\HP\\Desktop\\Bintang Fajar Julio_2007411033_CI UTS\\public\\index.php')
CRITICAL - 2023-05-15 15:09:12 --> Unsupported operand types: string + int
in APPPATH\Controllers\MahasiswaController.php on line 70.
 1 SYSTEMPATH\CodeIgniter.php(934): App\Controllers\MahasiswaController->fetch()
 2 SYSTEMPATH\CodeIgniter.php(499): CodeIgniter\CodeIgniter->runController(Object(App\Controllers\MahasiswaController))
 3 SYSTEMPATH\CodeIgniter.php(368): CodeIgniter\CodeIgniter->handleRequest(null, Object(Config\Cache), false)
 4 FCPATH\index.php(67): CodeIgniter\CodeIgniter->run()
 5 SYSTEMPATH\Commands\Server\rewrite.php(47): require_once('C:\\Users\\HP\\Desktop\\Bintang Fajar Julio_2007411033_CI UTS\\public\\index.php')
CRITICAL - 2023-05-15 15:09:29 --> Unsupported operand types: string + int
in APPPATH\Controllers\MahasiswaController.php on line 70.
 1 SYSTEMPATH\CodeIgniter.php(934): App\Controllers\MahasiswaController->fetch()
 2 SYSTEMPATH\CodeIgniter.php(499): CodeIgniter\CodeIgniter->runController(Object(App\Controllers\MahasiswaController))
 3 SYSTEMPATH\CodeIgniter.php(368): CodeIgniter\CodeIgniter->handleRequest(null, Object(Config\Cache), false)
 4 FCPATH\index.php(67): CodeIgniter\CodeIgniter->run()
 5 SYSTEMPATH\Commands\Server\rewrite.php(47): require_once('C:\\Users\\HP\\Desktop\\Bintang Fajar Julio_2007411033_CI UTS\\public\\index.php')
CRITICAL - 2023-05-15 15:10:22 --> Unsupported operand types: string + int
in APPPATH\Controllers\MahasiswaController.php on line 70.
 1 SYSTEMPATH\CodeIgniter.php(934): App\Controllers\MahasiswaController->fetch()
 2 SYSTEMPATH\CodeIgniter.php(499): CodeIgniter\CodeIgniter->runController(Object(App\Controllers\MahasiswaController))
 3 SYSTEMPATH\CodeIgniter.php(368): CodeIgniter\CodeIgniter->handleRequest(null, Object(Config\Cache), false)
 4 FCPATH\index.php(67): CodeIgniter\CodeIgniter->run()
 5 SYSTEMPATH\Commands\Server\rewrite.php(47): require_once('C:\\Users\\HP\\Desktop\\Bintang Fajar Julio_2007411033_CI UTS\\public\\index.php')
CRITICAL - 2023-05-15 15:10:30 --> Unsupported operand types: string + int
in APPPATH\Controllers\MahasiswaController.php on line 70.
 1 SYSTEMPATH\CodeIgniter.php(934): App\Controllers\MahasiswaController->fetch()
 2 SYSTEMPATH\CodeIgniter.php(499): CodeIgniter\CodeIgniter->runController(Object(App\Controllers\MahasiswaController))
 3 SYSTEMPATH\CodeIgniter.php(368): CodeIgniter\CodeIgniter->handleRequest(null, Object(Config\Cache), false)
 4 FCPATH\index.php(67): CodeIgniter\CodeIgniter->run()
 5 SYSTEMPATH\Commands\Server\rewrite.php(47): require_once('C:\\Users\\HP\\Desktop\\Bintang Fajar Julio_2007411033_CI UTS\\public\\index.php')
CRITICAL - 2023-05-15 15:10:55 --> Unsupported operand types: string + int
in APPPATH\Controllers\MahasiswaController.php on line 70.
 1 SYSTEMPATH\CodeIgniter.php(934): App\Controllers\MahasiswaController->fetch()
 2 SYSTEMPATH\CodeIgniter.php(499): CodeIgniter\CodeIgniter->runController(Object(App\Controllers\MahasiswaController))
 3 SYSTEMPATH\CodeIgniter.php(368): CodeIgniter\CodeIgniter->handleRequest(null, Object(Config\Cache), false)
 4 FCPATH\index.php(67): CodeIgniter\CodeIgniter->run()
 5 SYSTEMPATH\Commands\Server\rewrite.php(47): require_once('C:\\Users\\HP\\Desktop\\Bintang Fajar Julio_2007411033_CI UTS\\public\\index.php')
CRITICAL - 2023-05-15 15:10:59 --> Unsupported operand types: string + int
in APPPATH\Controllers\MahasiswaController.php on line 70.
 1 SYSTEMPATH\CodeIgniter.php(934): App\Controllers\MahasiswaController->fetch()
 2 SYSTEMPATH\CodeIgniter.php(499): CodeIgniter\CodeIgniter->runController(Object(App\Controllers\MahasiswaController))
 3 SYSTEMPATH\CodeIgniter.php(368): CodeIgniter\CodeIgniter->handleRequest(null, Object(Config\Cache), false)
 4 FCPATH\index.php(67): CodeIgniter\CodeIgniter->run()
 5 SYSTEMPATH\Commands\Server\rewrite.php(47): require_once('C:\\Users\\HP\\Desktop\\Bintang Fajar Julio_2007411033_CI UTS\\public\\index.php')
CRITICAL - 2023-05-15 15:15:01 --> Unsupported operand types: string + int
in APPPATH\Controllers\MahasiswaController.php on line 70.
 1 SYSTEMPATH\CodeIgniter.php(934): App\Controllers\MahasiswaController->fetch()
 2 SYSTEMPATH\CodeIgniter.php(499): CodeIgniter\CodeIgniter->runController(Object(App\Controllers\MahasiswaController))
 3 SYSTEMPATH\CodeIgniter.php(368): CodeIgniter\CodeIgniter->handleRequest(null, Object(Config\Cache), false)
 4 FCPATH\index.php(67): CodeIgniter\CodeIgniter->run()
 5 SYSTEMPATH\Commands\Server\rewrite.php(47): require_once('C:\\Users\\HP\\Desktop\\Bintang Fajar Julio_2007411033_CI UTS\\public\\index.php')
CRITICAL - 2023-05-15 15:16:37 --> Unsupported operand types: string + int
in APPPATH\Controllers\MahasiswaController.php on line 70.
 1 SYSTEMPATH\CodeIgniter.php(934): App\Controllers\MahasiswaController->fetch()
 2 SYSTEMPATH\CodeIgniter.php(499): CodeIgniter\CodeIgniter->runController(Object(App\Controllers\MahasiswaController))
 3 SYSTEMPATH\CodeIgniter.php(368): CodeIgniter\CodeIgniter->handleRequest(null, Object(Config\Cache), false)
 4 FCPATH\index.php(67): CodeIgniter\CodeIgniter->run()
 5 SYSTEMPATH\Commands\Server\rewrite.php(47): require_once('C:\\Users\\HP\\Desktop\\Bintang Fajar Julio_2007411033_CI UTS\\public\\index.php')
CRITICAL - 2023-05-15 15:16:41 --> Unsupported operand types: string + int
in APPPATH\Controllers\MahasiswaController.php on line 70.
 1 SYSTEMPATH\CodeIgniter.php(934): App\Controllers\MahasiswaController->fetch()
 2 SYSTEMPATH\CodeIgniter.php(499): CodeIgniter\CodeIgniter->runController(Object(App\Controllers\MahasiswaController))
 3 SYSTEMPATH\CodeIgniter.php(368): CodeIgniter\CodeIgniter->handleRequest(null, Object(Config\Cache), false)
 4 FCPATH\index.php(67): CodeIgniter\CodeIgniter->run()
 5 SYSTEMPATH\Commands\Server\rewrite.php(47): require_once('C:\\Users\\HP\\Desktop\\Bintang Fajar Julio_2007411033_CI UTS\\public\\index.php')
CRITICAL - 2023-05-15 15:16:46 --> Unsupported operand types: string + int
in APPPATH\Controllers\MahasiswaController.php on line 70.
 1 SYSTEMPATH\CodeIgniter.php(934): App\Controllers\MahasiswaController->fetch()
 2 SYSTEMPATH\CodeIgniter.php(499): CodeIgniter\CodeIgniter->runController(Object(App\Controllers\MahasiswaController))
 3 SYSTEMPATH\CodeIgniter.php(368): CodeIgniter\CodeIgniter->handleRequest(null, Object(Config\Cache), false)
 4 FCPATH\index.php(67): CodeIgniter\CodeIgniter->run()
 5 SYSTEMPATH\Commands\Server\rewrite.php(47): require_once('C:\\Users\\HP\\Desktop\\Bintang Fajar Julio_2007411033_CI UTS\\public\\index.php')
CRITICAL - 2023-05-15 15:16:51 --> Unsupported operand types: string + int
in APPPATH\Controllers\MahasiswaController.php on line 70.
 1 SYSTEMPATH\CodeIgniter.php(934): App\Controllers\MahasiswaController->fetch()
 2 SYSTEMPATH\CodeIgniter.php(499): CodeIgniter\CodeIgniter->runController(Object(App\Controllers\MahasiswaController))
 3 SYSTEMPATH\CodeIgniter.php(368): CodeIgniter\CodeIgniter->handleRequest(null, Object(Config\Cache), false)
 4 FCPATH\index.php(67): CodeIgniter\CodeIgniter->run()
 5 SYSTEMPATH\Commands\Server\rewrite.php(47): require_once('C:\\Users\\HP\\Desktop\\Bintang Fajar Julio_2007411033_CI UTS\\public\\index.php')
CRITICAL - 2023-05-15 15:19:00 --> Unsupported operand types: string + int
in APPPATH\Controllers\MahasiswaController.php on line 70.
 1 SYSTEMPATH\CodeIgniter.php(934): App\Controllers\MahasiswaController->fetch()
 2 SYSTEMPATH\CodeIgniter.php(499): CodeIgniter\CodeIgniter->runController(Object(App\Controllers\MahasiswaController))
 3 SYSTEMPATH\CodeIgniter.php(368): CodeIgniter\CodeIgniter->handleRequest(null, Object(Config\Cache), false)
 4 FCPATH\index.php(67): CodeIgniter\CodeIgniter->run()
 5 SYSTEMPATH\Commands\Server\rewrite.php(47): require_once('C:\\Users\\HP\\Desktop\\Bintang Fajar Julio_2007411033_CI UTS\\public\\index.php')
CRITICAL - 2023-05-15 15:19:47 --> Unsupported operand types: string + int
in APPPATH\Controllers\MahasiswaController.php on line 70.
 1 SYSTEMPATH\CodeIgniter.php(934): App\Controllers\MahasiswaController->fetch()
 2 SYSTEMPATH\CodeIgniter.php(499): CodeIgniter\CodeIgniter->runController(Object(App\Controllers\MahasiswaController))
 3 SYSTEMPATH\CodeIgniter.php(368): CodeIgniter\CodeIgniter->handleRequest(null, Object(Config\Cache), false)
 4 FCPATH\index.php(67): CodeIgniter\CodeIgniter->run()
 5 SYSTEMPATH\Commands\Server\rewrite.php(47): require_once('C:\\Users\\HP\\Desktop\\Bintang Fajar Julio_2007411033_CI UTS\\public\\index.php')
CRITICAL - 2023-05-15 15:20:17 --> Unsupported operand types: string + int
in APPPATH\Controllers\MahasiswaController.php on line 70.
 1 SYSTEMPATH\CodeIgniter.php(934): App\Controllers\MahasiswaController->fetch()
 2 SYSTEMPATH\CodeIgniter.php(499): CodeIgniter\CodeIgniter->runController(Object(App\Controllers\MahasiswaController))
 3 SYSTEMPATH\CodeIgniter.php(368): CodeIgniter\CodeIgniter->handleRequest(null, Object(Config\Cache), false)
 4 FCPATH\index.php(67): CodeIgniter\CodeIgniter->run()
 5 SYSTEMPATH\Commands\Server\rewrite.php(47): require_once('C:\\Users\\HP\\Desktop\\Bintang Fajar Julio_2007411033_CI UTS\\public\\index.php')
CRITICAL - 2023-05-15 15:21:57 --> Unsupported operand types: string + int
in APPPATH\Controllers\MahasiswaController.php on line 70.
 1 SYSTEMPATH\CodeIgniter.php(934): App\Controllers\MahasiswaController->fetch()
 2 SYSTEMPATH\CodeIgniter.php(499): CodeIgniter\CodeIgniter->runController(Object(App\Controllers\MahasiswaController))
 3 SYSTEMPATH\CodeIgniter.php(368): CodeIgniter\CodeIgniter->handleRequest(null, Object(Config\Cache), false)
 4 FCPATH\index.php(67): CodeIgniter\CodeIgniter->run()
 5 SYSTEMPATH\Commands\Server\rewrite.php(47): require_once('C:\\Users\\HP\\Desktop\\Bintang Fajar Julio_2007411033_CI UTS\\public\\index.php')
CRITICAL - 2023-05-15 15:24:02 --> Unsupported operand types: string + int
in APPPATH\Controllers\MahasiswaController.php on line 70.
 1 SYSTEMPATH\CodeIgniter.php(934): App\Controllers\MahasiswaController->fetch()
 2 SYSTEMPATH\CodeIgniter.php(499): CodeIgniter\CodeIgniter->runController(Object(App\Controllers\MahasiswaController))
 3 SYSTEMPATH\CodeIgniter.php(368): CodeIgniter\CodeIgniter->handleRequest(null, Object(Config\Cache), false)
 4 FCPATH\index.php(67): CodeIgniter\CodeIgniter->run()
 5 SYSTEMPATH\Commands\Server\rewrite.php(47): require_once('C:\\Users\\HP\\Desktop\\Bintang Fajar Julio_2007411033_CI UTS\\public\\index.php')
CRITICAL - 2023-05-15 15:24:14 --> Unsupported operand types: string + int
in APPPATH\Controllers\MahasiswaController.php on line 70.
 1 SYSTEMPATH\CodeIgniter.php(934): App\Controllers\MahasiswaController->fetch()
 2 SYSTEMPATH\CodeIgniter.php(499): CodeIgniter\CodeIgniter->runController(Object(App\Controllers\MahasiswaController))
 3 SYSTEMPATH\CodeIgniter.php(368): CodeIgniter\CodeIgniter->handleRequest(null, Object(Config\Cache), false)
 4 FCPATH\index.php(67): CodeIgniter\CodeIgniter->run()
 5 SYSTEMPATH\Commands\Server\rewrite.php(47): require_once('C:\\Users\\HP\\Desktop\\Bintang Fajar Julio_2007411033_CI UTS\\public\\index.php')
CRITICAL - 2023-05-15 15:24:23 --> Unsupported operand types: string + int
in APPPATH\Controllers\MahasiswaController.php on line 70.
 1 SYSTEMPATH\CodeIgniter.php(934): App\Controllers\MahasiswaController->fetch()
 2 SYSTEMPATH\CodeIgniter.php(499): CodeIgniter\CodeIgniter->runController(Object(App\Controllers\MahasiswaController))
 3 SYSTEMPATH\CodeIgniter.php(368): CodeIgniter\CodeIgniter->handleRequest(null, Object(Config\Cache), false)
 4 FCPATH\index.php(67): CodeIgniter\CodeIgniter->run()
 5 SYSTEMPATH\Commands\Server\rewrite.php(47): require_once('C:\\Users\\HP\\Desktop\\Bintang Fajar Julio_2007411033_CI UTS\\public\\index.php')
CRITICAL - 2023-05-15 15:25:43 --> Unsupported operand types: string + int
in APPPATH\Controllers\MahasiswaController.php on line 70.
 1 SYSTEMPATH\CodeIgniter.php(934): App\Controllers\MahasiswaController->fetch()
 2 SYSTEMPATH\CodeIgniter.php(499): CodeIgniter\CodeIgniter->runController(Object(App\Controllers\MahasiswaController))
 3 SYSTEMPATH\CodeIgniter.php(368): CodeIgniter\CodeIgniter->handleRequest(null, Object(Config\Cache), false)
 4 FCPATH\index.php(67): CodeIgniter\CodeIgniter->run()
 5 SYSTEMPATH\Commands\Server\rewrite.php(47): require_once('C:\\Users\\HP\\Desktop\\Bintang Fajar Julio_2007411033_CI UTS\\public\\index.php')
CRITICAL - 2023-05-15 15:26:00 --> Unsupported operand types: string + int
in APPPATH\Controllers\MahasiswaController.php on line 70.
 1 SYSTEMPATH\CodeIgniter.php(934): App\Controllers\MahasiswaController->fetch()
 2 SYSTEMPATH\CodeIgniter.php(499): CodeIgniter\CodeIgniter->runController(Object(App\Controllers\MahasiswaController))
 3 SYSTEMPATH\CodeIgniter.php(368): CodeIgniter\CodeIgniter->handleRequest(null, Object(Config\Cache), false)
 4 FCPATH\index.php(67): CodeIgniter\CodeIgniter->run()
 5 SYSTEMPATH\Commands\Server\rewrite.php(47): require_once('C:\\Users\\HP\\Desktop\\Bintang Fajar Julio_2007411033_CI UTS\\public\\index.php')
CRITICAL - 2023-05-15 15:28:25 --> Unsupported operand types: string + int
in APPPATH\Controllers\MahasiswaController.php on line 70.
 1 SYSTEMPATH\CodeIgniter.php(934): App\Controllers\MahasiswaController->fetch()
 2 SYSTEMPATH\CodeIgniter.php(499): CodeIgniter\CodeIgniter->runController(Object(App\Controllers\MahasiswaController))
 3 SYSTEMPATH\CodeIgniter.php(368): CodeIgniter\CodeIgniter->handleRequest(null, Object(Config\Cache), false)
 4 FCPATH\index.php(67): CodeIgniter\CodeIgniter->run()
 5 SYSTEMPATH\Commands\Server\rewrite.php(47): require_once('C:\\Users\\HP\\Desktop\\Bintang Fajar Julio_2007411033_CI UTS\\public\\index.php')
CRITICAL - 2023-05-15 15:28:35 --> Unsupported operand types: string + int
in APPPATH\Controllers\MahasiswaController.php on line 70.
 1 SYSTEMPATH\CodeIgniter.php(934): App\Controllers\MahasiswaController->fetch()
 2 SYSTEMPATH\CodeIgniter.php(499): CodeIgniter\CodeIgniter->runController(Object(App\Controllers\MahasiswaController))
 3 SYSTEMPATH\CodeIgniter.php(368): CodeIgniter\CodeIgniter->handleRequest(null, Object(Config\Cache), false)
 4 FCPATH\index.php(67): CodeIgniter\CodeIgniter->run()
 5 SYSTEMPATH\Commands\Server\rewrite.php(47): require_once('C:\\Users\\HP\\Desktop\\Bintang Fajar Julio_2007411033_CI UTS\\public\\index.php')
CRITICAL - 2023-05-15 15:28:47 --> Unsupported operand types: string + int
in APPPATH\Controllers\MahasiswaController.php on line 70.
 1 SYSTEMPATH\CodeIgniter.php(934): App\Controllers\MahasiswaController->fetch()
 2 SYSTEMPATH\CodeIgniter.php(499): CodeIgniter\CodeIgniter->runController(Object(App\Controllers\MahasiswaController))
 3 SYSTEMPATH\CodeIgniter.php(368): CodeIgniter\CodeIgniter->handleRequest(null, Object(Config\Cache), false)
 4 FCPATH\index.php(67): CodeIgniter\CodeIgniter->run()
 5 SYSTEMPATH\Commands\Server\rewrite.php(47): require_once('C:\\Users\\HP\\Desktop\\Bintang Fajar Julio_2007411033_CI UTS\\public\\index.php')
CRITICAL - 2023-05-15 15:29:58 --> Undefined array key "prodi.nama_prodi"
in APPPATH\Controllers\MahasiswaController.php on line 75.
 1 APPPATH\Controllers\MahasiswaController.php(75): CodeIgniter\Debug\Exceptions->errorHandler(2, 'Undefined array key "prodi.nama_prodi"', 'C:\\Users\\HP\\Desktop\\Bintang Fajar Julio_2007411033_CI UTS\\app\\Controllers\\MahasiswaController.php', 75)
 2 SYSTEMPATH\CodeIgniter.php(934): App\Controllers\MahasiswaController->fetch()
 3 SYSTEMPATH\CodeIgniter.php(499): CodeIgniter\CodeIgniter->runController(Object(App\Controllers\MahasiswaController))
 4 SYSTEMPATH\CodeIgniter.php(368): CodeIgniter\CodeIgniter->handleRequest(null, Object(Config\Cache), false)
 5 FCPATH\index.php(67): CodeIgniter\CodeIgniter->run()
 6 SYSTEMPATH\Commands\Server\rewrite.php(47): require_once('C:\\Users\\HP\\Desktop\\Bintang Fajar Julio_2007411033_CI UTS\\public\\index.php')
ERROR - 2023-05-15 15:40:56 --> mysqli_sql_exception: Cannot add or update a child row: a foreign key constraint fails (`ci_uts`.`mahasiswa`, CONSTRAINT `mahasiswa_prodi_mahasiswa_foreign` FOREIGN KEY (`prodi_mahasiswa`) REFERENCES `prodi` (`id_prodi`) ON DELETE CASCADE ON UPDATE CASCADE) in C:\Users\HP\Desktop\Bintang Fajar Julio_2007411033_CI UTS\system\Database\MySQLi\Connection.php:295
Stack trace:
#0 C:\Users\HP\Desktop\Bintang Fajar Julio_2007411033_CI UTS\system\Database\MySQLi\Connection.php(295): mysqli->query('INSERT INTO `ma...', 0)
#1 C:\Users\HP\Desktop\Bintang Fajar Julio_2007411033_CI UTS\system\Database\BaseConnection.php(692): CodeIgniter\Database\MySQLi\Connection->execute('INSERT INTO `ma...')
#2 C:\Users\HP\Desktop\Bintang Fajar Julio_2007411033_CI UTS\system\Database\BaseConnection.php(606): CodeIgniter\Database\BaseConnection->simpleQuery('INSERT INTO `ma...')
#3 C:\Users\HP\Desktop\Bintang Fajar Julio_2007411033_CI UTS\system\Database\BaseBuilder.php(2309): CodeIgniter\Database\BaseConnection->query('INSERT INTO `ma...', Array, false)
#4 C:\Users\HP\Desktop\Bintang Fajar Julio_2007411033_CI UTS\system\Model.php(330): CodeIgniter\Database\BaseBuilder->insert()
#5 C:\Users\HP\Desktop\Bintang Fajar Julio_2007411033_CI UTS\system\BaseModel.php(782): CodeIgniter\Model->doInsert(Array)
#6 C:\Users\HP\Desktop\Bintang Fajar Julio_2007411033_CI UTS\system\Model.php(730): CodeIgniter\BaseModel->insert(Array, false)
#7 C:\Users\HP\Desktop\Bintang Fajar Julio_2007411033_CI UTS\system\BaseModel.php(692): CodeIgniter\Model->insert(Array, false)
#8 C:\Users\HP\Desktop\Bintang Fajar Julio_2007411033_CI UTS\app\Controllers\MahasiswaController.php(39): CodeIgniter\BaseModel->save(Array)
#9 C:\Users\HP\Desktop\Bintang Fajar Julio_2007411033_CI UTS\system\CodeIgniter.php(934): App\Controllers\MahasiswaController->add()
#10 C:\Users\HP\Desktop\Bintang Fajar Julio_2007411033_CI UTS\system\CodeIgniter.php(499): CodeIgniter\CodeIgniter->runController(Object(App\Controllers\MahasiswaController))
#11 C:\Users\HP\Desktop\Bintang Fajar Julio_2007411033_CI UTS\system\CodeIgniter.php(368): CodeIgniter\CodeIgniter->handleRequest(NULL, Object(Config\Cache), false)
#12 C:\Users\HP\Desktop\Bintang Fajar Julio_2007411033_CI UTS\public\index.php(67): CodeIgniter\CodeIgniter->run()
#13 C:\Users\HP\Desktop\Bintang Fajar Julio_2007411033_CI UTS\system\Commands\Server\rewrite.php(47): require_once('C:\\Users\\HP\\Des...')
#14 {main}
CRITICAL - 2023-05-15 15:40:56 --> Cannot add or update a child row: a foreign key constraint fails (`ci_uts`.`mahasiswa`, CONSTRAINT `mahasiswa_prodi_mahasiswa_foreign` FOREIGN KEY (`prodi_mahasiswa`) REFERENCES `prodi` (`id_prodi`) ON DELETE CASCADE ON UPDATE CASCADE)
in SYSTEMPATH\Database\MySQLi\Connection.php on line 295.
 1 SYSTEMPATH\Database\MySQLi\Connection.php(295): mysqli->query('INSERT INTO `mahasiswa` (`prodi_mahasiswa`, `nama_mahasiswa`, `nim_mahasiswa`, `image_mahasiswa`) VALUES (\'123\', \'Tes\', \'12345\', \'1684165256_47c5f0bb1a3463db2223.jpg\')', 0)
 2 SYSTEMPATH\Database\BaseConnection.php(692): CodeIgniter\Database\MySQLi\Connection->execute('INSERT INTO `mahasiswa` (`prodi_mahasiswa`, `nama_mahasiswa`, `nim_mahasiswa`, `image_mahasiswa`) VALUES (\'123\', \'Tes\', \'12345\', \'1684165256_47c5f0bb1a3463db2223.jpg\')')
 3 SYSTEMPATH\Database\BaseConnection.php(606): CodeIgniter\Database\BaseConnection->simpleQuery('INSERT INTO `mahasiswa` (`prodi_mahasiswa`, `nama_mahasiswa`, `nim_mahasiswa`, `image_mahasiswa`) VALUES (\'123\', \'Tes\', \'12345\', \'1684165256_47c5f0bb1a3463db2223.jpg\')')
 4 SYSTEMPATH\Database\BaseBuilder.php(2309): CodeIgniter\Database\BaseConnection->query('INSERT INTO `mahasiswa` (`prodi_mahasiswa`, `nama_mahasiswa`, `nim_mahasiswa`, `image_mahasiswa`) VALUES (:prodi_mahasiswa:, :nama_mahasiswa:, :nim_mahasiswa:, :image_mahasiswa:)', [...], false)
 5 SYSTEMPATH\Model.php(330): CodeIgniter\Database\BaseBuilder->insert()
 6 SYSTEMPATH\BaseModel.php(782): CodeIgniter\Model->doInsert([...])
 7 SYSTEMPATH\Model.php(730): CodeIgniter\BaseModel->insert([...], false)
 8 SYSTEMPATH\BaseModel.php(692): CodeIgniter\Model->insert([...], false)
 9 APPPATH\Controllers\MahasiswaController.php(39): CodeIgniter\BaseModel->save([...])
10 SYSTEMPATH\CodeIgniter.php(934): App\Controllers\MahasiswaController->add()
11 SYSTEMPATH\CodeIgniter.php(499): CodeIgniter\CodeIgniter->runController(Object(App\Controllers\MahasiswaController))
12 SYSTEMPATH\CodeIgniter.php(368): CodeIgniter\CodeIgniter->handleRequest(null, Object(Config\Cache), false)
13 FCPATH\index.php(67): CodeIgniter\CodeIgniter->run()
14 SYSTEMPATH\Commands\Server\rewrite.php(47): require_once('C:\\Users\\HP\\Desktop\\Bintang Fajar Julio_2007411033_CI UTS\\public\\index.php')
ERROR - 2023-05-15 15:41:25 --> mysqli_sql_exception: Cannot add or update a child row: a foreign key constraint fails (`ci_uts`.`mahasiswa`, CONSTRAINT `mahasiswa_prodi_mahasiswa_foreign` FOREIGN KEY (`prodi_mahasiswa`) REFERENCES `prodi` (`id_prodi`) ON DELETE CASCADE ON UPDATE CASCADE) in C:\Users\HP\Desktop\Bintang Fajar Julio_2007411033_CI UTS\system\Database\MySQLi\Connection.php:295
Stack trace:
#0 C:\Users\HP\Desktop\Bintang Fajar Julio_2007411033_CI UTS\system\Database\MySQLi\Connection.php(295): mysqli->query('INSERT INTO `ma...', 0)
#1 C:\Users\HP\Desktop\Bintang Fajar Julio_2007411033_CI UTS\system\Database\BaseConnection.php(692): CodeIgniter\Database\MySQLi\Connection->execute('INSERT INTO `ma...')
#2 C:\Users\HP\Desktop\Bintang Fajar Julio_2007411033_CI UTS\system\Database\BaseConnection.php(606): CodeIgniter\Database\BaseConnection->simpleQuery('INSERT INTO `ma...')
#3 C:\Users\HP\Desktop\Bintang Fajar Julio_2007411033_CI UTS\system\Database\BaseBuilder.php(2309): CodeIgniter\Database\BaseConnection->query('INSERT INTO `ma...', Array, false)
#4 C:\Users\HP\Desktop\Bintang Fajar Julio_2007411033_CI UTS\system\Model.php(330): CodeIgniter\Database\BaseBuilder->insert()
#5 C:\Users\HP\Desktop\Bintang Fajar Julio_2007411033_CI UTS\system\BaseModel.php(782): CodeIgniter\Model->doInsert(Array)
#6 C:\Users\HP\Desktop\Bintang Fajar Julio_2007411033_CI UTS\system\Model.php(730): CodeIgniter\BaseModel->insert(Array, false)
#7 C:\Users\HP\Desktop\Bintang Fajar Julio_2007411033_CI UTS\system\BaseModel.php(692): CodeIgniter\Model->insert(Array, false)
#8 C:\Users\HP\Desktop\Bintang Fajar Julio_2007411033_CI UTS\app\Controllers\MahasiswaController.php(39): CodeIgniter\BaseModel->save(Array)
#9 C:\Users\HP\Desktop\Bintang Fajar Julio_2007411033_CI UTS\system\CodeIgniter.php(934): App\Controllers\MahasiswaController->add()
#10 C:\Users\HP\Desktop\Bintang Fajar Julio_2007411033_CI UTS\system\CodeIgniter.php(499): CodeIgniter\CodeIgniter->runController(Object(App\Controllers\MahasiswaController))
#11 C:\Users\HP\Desktop\Bintang Fajar Julio_2007411033_CI UTS\system\CodeIgniter.php(368): CodeIgniter\CodeIgniter->handleRequest(NULL, Object(Config\Cache), false)
#12 C:\Users\HP\Desktop\Bintang Fajar Julio_2007411033_CI UTS\public\index.php(67): CodeIgniter\CodeIgniter->run()
#13 C:\Users\HP\Desktop\Bintang Fajar Julio_2007411033_CI UTS\system\Commands\Server\rewrite.php(47): require_once('C:\\Users\\HP\\Des...')
#14 {main}
CRITICAL - 2023-05-15 15:41:25 --> Cannot add or update a child row: a foreign key constraint fails (`ci_uts`.`mahasiswa`, CONSTRAINT `mahasiswa_prodi_mahasiswa_foreign` FOREIGN KEY (`prodi_mahasiswa`) REFERENCES `prodi` (`id_prodi`) ON DELETE CASCADE ON UPDATE CASCADE)
in SYSTEMPATH\Database\MySQLi\Connection.php on line 295.
 1 SYSTEMPATH\Database\MySQLi\Connection.php(295): mysqli->query('INSERT INTO `mahasiswa` (`prodi_mahasiswa`, `nama_mahasiswa`, `nim_mahasiswa`, `image_mahasiswa`) VALUES (\'123\', \'Tes\', \'12345\', \'1684165285_607e1697dcbe7493f942.png\')', 0)
 2 SYSTEMPATH\Database\BaseConnection.php(692): CodeIgniter\Database\MySQLi\Connection->execute('INSERT INTO `mahasiswa` (`prodi_mahasiswa`, `nama_mahasiswa`, `nim_mahasiswa`, `image_mahasiswa`) VALUES (\'123\', \'Tes\', \'12345\', \'1684165285_607e1697dcbe7493f942.png\')')
 3 SYSTEMPATH\Database\BaseConnection.php(606): CodeIgniter\Database\BaseConnection->simpleQuery('INSERT INTO `mahasiswa` (`prodi_mahasiswa`, `nama_mahasiswa`, `nim_mahasiswa`, `image_mahasiswa`) VALUES (\'123\', \'Tes\', \'12345\', \'1684165285_607e1697dcbe7493f942.png\')')
 4 SYSTEMPATH\Database\BaseBuilder.php(2309): CodeIgniter\Database\BaseConnection->query('INSERT INTO `mahasiswa` (`prodi_mahasiswa`, `nama_mahasiswa`, `nim_mahasiswa`, `image_mahasiswa`) VALUES (:prodi_mahasiswa:, :nama_mahasiswa:, :nim_mahasiswa:, :image_mahasiswa:)', [...], false)
 5 SYSTEMPATH\Model.php(330): CodeIgniter\Database\BaseBuilder->insert()
 6 SYSTEMPATH\BaseModel.php(782): CodeIgniter\Model->doInsert([...])
 7 SYSTEMPATH\Model.php(730): CodeIgniter\BaseModel->insert([...], false)
 8 SYSTEMPATH\BaseModel.php(692): CodeIgniter\Model->insert([...], false)
 9 APPPATH\Controllers\MahasiswaController.php(39): CodeIgniter\BaseModel->save([...])
10 SYSTEMPATH\CodeIgniter.php(934): App\Controllers\MahasiswaController->add()
11 SYSTEMPATH\CodeIgniter.php(499): CodeIgniter\CodeIgniter->runController(Object(App\Controllers\MahasiswaController))
12 SYSTEMPATH\CodeIgniter.php(368): CodeIgniter\CodeIgniter->handleRequest(null, Object(Config\Cache), false)
13 FCPATH\index.php(67): CodeIgniter\CodeIgniter->run()
14 SYSTEMPATH\Commands\Server\rewrite.php(47): require_once('C:\\Users\\HP\\Desktop\\Bintang Fajar Julio_2007411033_CI UTS\\public\\index.php')
ERROR - 2023-05-15 15:55:11 --> mysqli_sql_exception: Cannot add or update a child row: a foreign key constraint fails (`ci_uts`.`mahasiswa`, CONSTRAINT `mahasiswa_prodi_mahasiswa_foreign` FOREIGN KEY (`prodi_mahasiswa`) REFERENCES `prodi` (`id_prodi`) ON DELETE CASCADE ON UPDATE CASCADE) in C:\Users\HP\Desktop\Bintang Fajar Julio_2007411033_CI UTS\system\Database\MySQLi\Connection.php:295
Stack trace:
#0 C:\Users\HP\Desktop\Bintang Fajar Julio_2007411033_CI UTS\system\Database\MySQLi\Connection.php(295): mysqli->query('UPDATE `mahasis...', 0)
#1 C:\Users\HP\Desktop\Bintang Fajar Julio_2007411033_CI UTS\system\Database\BaseConnection.php(692): CodeIgniter\Database\MySQLi\Connection->execute('UPDATE `mahasis...')
#2 C:\Users\HP\Desktop\Bintang Fajar Julio_2007411033_CI UTS\system\Database\BaseConnection.php(606): CodeIgniter\Database\BaseConnection->simpleQuery('UPDATE `mahasis...')
#3 C:\Users\HP\Desktop\Bintang Fajar Julio_2007411033_CI UTS\system\Database\BaseBuilder.php(2476): CodeIgniter\Database\BaseConnection->query('UPDATE `mahasis...', Array, false)
#4 C:\Users\HP\Desktop\Bintang Fajar Julio_2007411033_CI UTS\system\Model.php(396): CodeIgniter\Database\BaseBuilder->update()
#5 C:\Users\HP\Desktop\Bintang Fajar Julio_2007411033_CI UTS\system\BaseModel.php(943): CodeIgniter\Model->doUpdate(Array, Array)
#6 C:\Users\HP\Desktop\Bintang Fajar Julio_2007411033_CI UTS\system\Model.php(756): CodeIgniter\BaseModel->update(Array, Array)
#7 C:\Users\HP\Desktop\Bintang Fajar Julio_2007411033_CI UTS\app\Controllers\MahasiswaController.php(133): CodeIgniter\Model->update('8', Array)
#8 C:\Users\HP\Desktop\Bintang Fajar Julio_2007411033_CI UTS\system\CodeIgniter.php(934): App\Controllers\MahasiswaController->update()
#9 C:\Users\HP\Desktop\Bintang Fajar Julio_2007411033_CI UTS\system\CodeIgniter.php(499): CodeIgniter\CodeIgniter->runController(Object(App\Controllers\MahasiswaController))
#10 C:\Users\HP\Desktop\Bintang Fajar Julio_2007411033_CI UTS\system\CodeIgniter.php(368): CodeIgniter\CodeIgniter->handleRequest(NULL, Object(Config\Cache), false)
#11 C:\Users\HP\Desktop\Bintang Fajar Julio_2007411033_CI UTS\public\index.php(67): CodeIgniter\CodeIgniter->run()
#12 C:\Users\HP\Desktop\Bintang Fajar Julio_2007411033_CI UTS\system\Commands\Server\rewrite.php(47): require_once('C:\\Users\\HP\\Des...')
#13 {main}
CRITICAL - 2023-05-15 15:55:11 --> Cannot add or update a child row: a foreign key constraint fails (`ci_uts`.`mahasiswa`, CONSTRAINT `mahasiswa_prodi_mahasiswa_foreign` FOREIGN KEY (`prodi_mahasiswa`) REFERENCES `prodi` (`id_prodi`) ON DELETE CASCADE ON UPDATE CASCADE)
in SYSTEMPATH\Database\MySQLi\Connection.php on line 295.
 1 SYSTEMPATH\Database\MySQLi\Connection.php(295): mysqli->query('UPDATE `mahasiswa` SET `prodi_mahasiswa` = \'2\', `nama_mahasiswa` = \'Tes\', `nim_mahasiswa` = \'12345\', `image_mahasiswa` = \'1684166111_17f882b7bbf605d0f091.png\'
WHERE `mahasiswa`.`id_mahasiswa` IN (\'8\')', 0)
 2 SYSTEMPATH\Database\BaseConnection.php(692): CodeIgniter\Database\MySQLi\Connection->execute('UPDATE `mahasiswa` SET `prodi_mahasiswa` = \'2\', `nama_mahasiswa` = \'Tes\', `nim_mahasiswa` = \'12345\', `image_mahasiswa` = \'1684166111_17f882b7bbf605d0f091.png\'
WHERE `mahasiswa`.`id_mahasiswa` IN (\'8\')')
 3 SYSTEMPATH\Database\BaseConnection.php(606): CodeIgniter\Database\BaseConnection->simpleQuery('UPDATE `mahasiswa` SET `prodi_mahasiswa` = \'2\', `nama_mahasiswa` = \'Tes\', `nim_mahasiswa` = \'12345\', `image_mahasiswa` = \'1684166111_17f882b7bbf605d0f091.png\'
WHERE `mahasiswa`.`id_mahasiswa` IN (\'8\')')
 4 SYSTEMPATH\Database\BaseBuilder.php(2476): CodeIgniter\Database\BaseConnection->query('UPDATE `mahasiswa` SET `prodi_mahasiswa` = :prodi_mahasiswa:, `nama_mahasiswa` = :nama_mahasiswa:, `nim_mahasiswa` = :nim_mahasiswa:, `image_mahasiswa` = :image_mahasiswa:
WHERE `mahasiswa`.`id_mahasiswa` IN :mahasiswa.id_mahasiswa:', [...], false)
 5 SYSTEMPATH\Model.php(396): CodeIgniter\Database\BaseBuilder->update()
 6 SYSTEMPATH\BaseModel.php(943): CodeIgniter\Model->doUpdate([...], [...])
 7 SYSTEMPATH\Model.php(756): CodeIgniter\BaseModel->update([...], [...])
 8 APPPATH\Controllers\MahasiswaController.php(133): CodeIgniter\Model->update('8', [...])
 9 SYSTEMPATH\CodeIgniter.php(934): App\Controllers\MahasiswaController->update()
10 SYSTEMPATH\CodeIgniter.php(499): CodeIgniter\CodeIgniter->runController(Object(App\Controllers\MahasiswaController))
11 SYSTEMPATH\CodeIgniter.php(368): CodeIgniter\CodeIgniter->handleRequest(null, Object(Config\Cache), false)
12 FCPATH\index.php(67): CodeIgniter\CodeIgniter->run()
13 SYSTEMPATH\Commands\Server\rewrite.php(47): require_once('C:\\Users\\HP\\Desktop\\Bintang Fajar Julio_2007411033_CI UTS\\public\\index.php')
CRITICAL - 2023-05-15 15:55:26 --> unlink(uploads/avatar/1684166063_6b4db1dc141cdf4e7930.jpg): No such file or directory
in APPPATH\Controllers\MahasiswaController.php on line 145.
 1 [internal function]: CodeIgniter\Debug\Exceptions->errorHandler(2, 'unlink(uploads/avatar/1684166063_6b4db1dc141cdf4e7930.jpg): No such file or directory', 'C:\\Users\\HP\\Desktop\\Bintang Fajar Julio_2007411033_CI UTS\\app\\Controllers\\MahasiswaController.php', 145)
 2 APPPATH\Controllers\MahasiswaController.php(145): unlink('uploads/avatar/1684166063_6b4db1dc141cdf4e7930.jpg')
 3 SYSTEMPATH\CodeIgniter.php(934): App\Controllers\MahasiswaController->delete('8')
 4 SYSTEMPATH\CodeIgniter.php(499): CodeIgniter\CodeIgniter->runController(Object(App\Controllers\MahasiswaController))
 5 SYSTEMPATH\CodeIgniter.php(368): CodeIgniter\CodeIgniter->handleRequest(null, Object(Config\Cache), false)
 6 FCPATH\index.php(67): CodeIgniter\CodeIgniter->run()
 7 SYSTEMPATH\Commands\Server\rewrite.php(47): require_once('C:\\Users\\HP\\Desktop\\Bintang Fajar Julio_2007411033_CI UTS\\public\\index.php')
ERROR - 2023-05-15 16:00:15 --> mysqli_sql_exception: Cannot add or update a child row: a foreign key constraint fails (`ci_uts`.`mahasiswa`, CONSTRAINT `mahasiswa_prodi_mahasiswa_foreign` FOREIGN KEY (`prodi_mahasiswa`) REFERENCES `prodi` (`id_prodi`) ON DELETE CASCADE ON UPDATE CASCADE) in C:\Users\HP\Desktop\Bintang Fajar Julio_2007411033_CI UTS\system\Database\MySQLi\Connection.php:295
Stack trace:
#0 C:\Users\HP\Desktop\Bintang Fajar Julio_2007411033_CI UTS\system\Database\MySQLi\Connection.php(295): mysqli->query('UPDATE `mahasis...', 0)
#1 C:\Users\HP\Desktop\Bintang Fajar Julio_2007411033_CI UTS\system\Database\BaseConnection.php(692): CodeIgniter\Database\MySQLi\Connection->execute('UPDATE `mahasis...')
#2 C:\Users\HP\Desktop\Bintang Fajar Julio_2007411033_CI UTS\system\Database\BaseConnection.php(606): CodeIgniter\Database\BaseConnection->simpleQuery('UPDATE `mahasis...')
#3 C:\Users\HP\Desktop\Bintang Fajar Julio_2007411033_CI UTS\system\Database\BaseBuilder.php(2476): CodeIgniter\Database\BaseConnection->query('UPDATE `mahasis...', Array, false)
#4 C:\Users\HP\Desktop\Bintang Fajar Julio_2007411033_CI UTS\system\Model.php(396): CodeIgniter\Database\BaseBuilder->update()
#5 C:\Users\HP\Desktop\Bintang Fajar Julio_2007411033_CI UTS\system\BaseModel.php(943): CodeIgniter\Model->doUpdate(Array, Array)
#6 C:\Users\HP\Desktop\Bintang Fajar Julio_2007411033_CI UTS\system\Model.php(756): CodeIgniter\BaseModel->update(Array, Array)
#7 C:\Users\HP\Desktop\Bintang Fajar Julio_2007411033_CI UTS\app\Controllers\MahasiswaController.php(133): CodeIgniter\Model->update('9', Array)
#8 C:\Users\HP\Desktop\Bintang Fajar Julio_2007411033_CI UTS\system\CodeIgniter.php(934): App\Controllers\MahasiswaController->update()
#9 C:\Users\HP\Desktop\Bintang Fajar Julio_2007411033_CI UTS\system\CodeIgniter.php(499): CodeIgniter\CodeIgniter->runController(Object(App\Controllers\MahasiswaController))
#10 C:\Users\HP\Desktop\Bintang Fajar Julio_2007411033_CI UTS\system\CodeIgniter.php(368): CodeIgniter\CodeIgniter->handleRequest(NULL, Object(Config\Cache), false)
#11 C:\Users\HP\Desktop\Bintang Fajar Julio_2007411033_CI UTS\public\index.php(67): CodeIgniter\CodeIgniter->run()
#12 C:\Users\HP\Desktop\Bintang Fajar Julio_2007411033_CI UTS\system\Commands\Server\rewrite.php(47): require_once('C:\\Users\\HP\\Des...')
#13 {main}
CRITICAL - 2023-05-15 16:00:15 --> Cannot add or update a child row: a foreign key constraint fails (`ci_uts`.`mahasiswa`, CONSTRAINT `mahasiswa_prodi_mahasiswa_foreign` FOREIGN KEY (`prodi_mahasiswa`) REFERENCES `prodi` (`id_prodi`) ON DELETE CASCADE ON UPDATE CASCADE)
in SYSTEMPATH\Database\MySQLi\Connection.php on line 295.
 1 SYSTEMPATH\Database\MySQLi\Connection.php(295): mysqli->query('UPDATE `mahasiswa` SET `prodi_mahasiswa` = \'2\', `nama_mahasiswa` = \'PP\', `nim_mahasiswa` = \'123\', `image_mahasiswa` = \'1684166415_5969919c5c0911b333d4.jpg\'
WHERE `mahasiswa`.`id_mahasiswa` IN (\'9\')', 0)
 2 SYSTEMPATH\Database\BaseConnection.php(692): CodeIgniter\Database\MySQLi\Connection->execute('UPDATE `mahasiswa` SET `prodi_mahasiswa` = \'2\', `nama_mahasiswa` = \'PP\', `nim_mahasiswa` = \'123\', `image_mahasiswa` = \'1684166415_5969919c5c0911b333d4.jpg\'
WHERE `mahasiswa`.`id_mahasiswa` IN (\'9\')')
 3 SYSTEMPATH\Database\BaseConnection.php(606): CodeIgniter\Database\BaseConnection->simpleQuery('UPDATE `mahasiswa` SET `prodi_mahasiswa` = \'2\', `nama_mahasiswa` = \'PP\', `nim_mahasiswa` = \'123\', `image_mahasiswa` = \'1684166415_5969919c5c0911b333d4.jpg\'
WHERE `mahasiswa`.`id_mahasiswa` IN (\'9\')')
 4 SYSTEMPATH\Database\BaseBuilder.php(2476): CodeIgniter\Database\BaseConnection->query('UPDATE `mahasiswa` SET `prodi_mahasiswa` = :prodi_mahasiswa:, `nama_mahasiswa` = :nama_mahasiswa:, `nim_mahasiswa` = :nim_mahasiswa:, `image_mahasiswa` = :image_mahasiswa:
WHERE `mahasiswa`.`id_mahasiswa` IN :mahasiswa.id_mahasiswa:', [...], false)
 5 SYSTEMPATH\Model.php(396): CodeIgniter\Database\BaseBuilder->update()
 6 SYSTEMPATH\BaseModel.php(943): CodeIgniter\Model->doUpdate([...], [...])
 7 SYSTEMPATH\Model.php(756): CodeIgniter\BaseModel->update([...], [...])
 8 APPPATH\Controllers\MahasiswaController.php(133): CodeIgniter\Model->update('9', [...])
 9 SYSTEMPATH\CodeIgniter.php(934): App\Controllers\MahasiswaController->update()
10 SYSTEMPATH\CodeIgniter.php(499): CodeIgniter\CodeIgniter->runController(Object(App\Controllers\MahasiswaController))
11 SYSTEMPATH\CodeIgniter.php(368): CodeIgniter\CodeIgniter->handleRequest(null, Object(Config\Cache), false)
12 FCPATH\index.php(67): CodeIgniter\CodeIgniter->run()
13 SYSTEMPATH\Commands\Server\rewrite.php(47): require_once('C:\\Users\\HP\\Desktop\\Bintang Fajar Julio_2007411033_CI UTS\\public\\index.php')
CRITICAL - 2023-05-15 16:00:56 --> unlink(uploads/avatar/1684166167_d6b9eaea84561b6b3651.jpg): No such file or directory
in APPPATH\Controllers\MahasiswaController.php on line 145.
 1 [internal function]: CodeIgniter\Debug\Exceptions->errorHandler(2, 'unlink(uploads/avatar/1684166167_d6b9eaea84561b6b3651.jpg): No such file or directory', 'C:\\Users\\HP\\Desktop\\Bintang Fajar Julio_2007411033_CI UTS\\app\\Controllers\\MahasiswaController.php', 145)
 2 APPPATH\Controllers\MahasiswaController.php(145): unlink('uploads/avatar/1684166167_d6b9eaea84561b6b3651.jpg')
 3 SYSTEMPATH\CodeIgniter.php(934): App\Controllers\MahasiswaController->delete('9')
 4 SYSTEMPATH\CodeIgniter.php(499): CodeIgniter\CodeIgniter->runController(Object(App\Controllers\MahasiswaController))
 5 SYSTEMPATH\CodeIgniter.php(368): CodeIgniter\CodeIgniter->handleRequest(null, Object(Config\Cache), false)
 6 FCPATH\index.php(67): CodeIgniter\CodeIgniter->run()
 7 SYSTEMPATH\Commands\Server\rewrite.php(47): require_once('C:\\Users\\HP\\Desktop\\Bintang Fajar Julio_2007411033_CI UTS\\public\\index.php')
ERROR - 2023-05-15 16:01:33 --> mysqli_sql_exception: Cannot add or update a child row: a foreign key constraint fails (`ci_uts`.`mahasiswa`, CONSTRAINT `mahasiswa_prodi_mahasiswa_foreign` FOREIGN KEY (`prodi_mahasiswa`) REFERENCES `prodi` (`id_prodi`) ON DELETE CASCADE ON UPDATE CASCADE) in C:\Users\HP\Desktop\Bintang Fajar Julio_2007411033_CI UTS\system\Database\MySQLi\Connection.php:295
Stack trace:
#0 C:\Users\HP\Desktop\Bintang Fajar Julio_2007411033_CI UTS\system\Database\MySQLi\Connection.php(295): mysqli->query('UPDATE `mahasis...', 0)
#1 C:\Users\HP\Desktop\Bintang Fajar Julio_2007411033_CI UTS\system\Database\BaseConnection.php(692): CodeIgniter\Database\MySQLi\Connection->execute('UPDATE `mahasis...')
#2 C:\Users\HP\Desktop\Bintang Fajar Julio_2007411033_CI UTS\system\Database\BaseConnection.php(606): CodeIgniter\Database\BaseConnection->simpleQuery('UPDATE `mahasis...')
#3 C:\Users\HP\Desktop\Bintang Fajar Julio_2007411033_CI UTS\system\Database\BaseBuilder.php(2476): CodeIgniter\Database\BaseConnection->query('UPDATE `mahasis...', Array, false)
#4 C:\Users\HP\Desktop\Bintang Fajar Julio_2007411033_CI UTS\system\Model.php(396): CodeIgniter\Database\BaseBuilder->update()
#5 C:\Users\HP\Desktop\Bintang Fajar Julio_2007411033_CI UTS\system\BaseModel.php(943): CodeIgniter\Model->doUpdate(Array, Array)
#6 C:\Users\HP\Desktop\Bintang Fajar Julio_2007411033_CI UTS\system\Model.php(756): CodeIgniter\BaseModel->update(Array, Array)
#7 C:\Users\HP\Desktop\Bintang Fajar Julio_2007411033_CI UTS\app\Controllers\MahasiswaController.php(133): CodeIgniter\Model->update('10', Array)
#8 C:\Users\HP\Desktop\Bintang Fajar Julio_2007411033_CI UTS\system\CodeIgniter.php(934): App\Controllers\MahasiswaController->update()
#9 C:\Users\HP\Desktop\Bintang Fajar Julio_2007411033_CI UTS\system\CodeIgniter.php(499): CodeIgniter\CodeIgniter->runController(Object(App\Controllers\MahasiswaController))
#10 C:\Users\HP\Desktop\Bintang Fajar Julio_2007411033_CI UTS\system\CodeIgniter.php(368): CodeIgniter\CodeIgniter->handleRequest(NULL, Object(Config\Cache), false)
#11 C:\Users\HP\Desktop\Bintang Fajar Julio_2007411033_CI UTS\public\index.php(67): CodeIgniter\CodeIgniter->run()
#12 C:\Users\HP\Desktop\Bintang Fajar Julio_2007411033_CI UTS\system\Commands\Server\rewrite.php(47): require_once('C:\\Users\\HP\\Des...')
#13 {main}
CRITICAL - 2023-05-15 16:01:33 --> Cannot add or update a child row: a foreign key constraint fails (`ci_uts`.`mahasiswa`, CONSTRAINT `mahasiswa_prodi_mahasiswa_foreign` FOREIGN KEY (`prodi_mahasiswa`) REFERENCES `prodi` (`id_prodi`) ON DELETE CASCADE ON UPDATE CASCADE)
in SYSTEMPATH\Database\MySQLi\Connection.php on line 295.
 1 SYSTEMPATH\Database\MySQLi\Connection.php(295): mysqli->query('UPDATE `mahasiswa` SET `prodi_mahasiswa` = \'2\', `nama_mahasiswa` = \'Tes Ini\', `nim_mahasiswa` = \'123\', `image_mahasiswa` = \'1684166493_13104180a37badbe3221.jpg\'
WHERE `mahasiswa`.`id_mahasiswa` IN (\'10\')', 0)
 2 SYSTEMPATH\Database\BaseConnection.php(692): CodeIgniter\Database\MySQLi\Connection->execute('UPDATE `mahasiswa` SET `prodi_mahasiswa` = \'2\', `nama_mahasiswa` = \'Tes Ini\', `nim_mahasiswa` = \'123\', `image_mahasiswa` = \'1684166493_13104180a37badbe3221.jpg\'
WHERE `mahasiswa`.`id_mahasiswa` IN (\'10\')')
 3 SYSTEMPATH\Database\BaseConnection.php(606): CodeIgniter\Database\BaseConnection->simpleQuery('UPDATE `mahasiswa` SET `prodi_mahasiswa` = \'2\', `nama_mahasiswa` = \'Tes Ini\', `nim_mahasiswa` = \'123\', `image_mahasiswa` = \'1684166493_13104180a37badbe3221.jpg\'
WHERE `mahasiswa`.`id_mahasiswa` IN (\'10\')')
 4 SYSTEMPATH\Database\BaseBuilder.php(2476): CodeIgniter\Database\BaseConnection->query('UPDATE `mahasiswa` SET `prodi_mahasiswa` = :prodi_mahasiswa:, `nama_mahasiswa` = :nama_mahasiswa:, `nim_mahasiswa` = :nim_mahasiswa:, `image_mahasiswa` = :image_mahasiswa:
WHERE `mahasiswa`.`id_mahasiswa` IN :mahasiswa.id_mahasiswa:', [...], false)
 5 SYSTEMPATH\Model.php(396): CodeIgniter\Database\BaseBuilder->update()
 6 SYSTEMPATH\BaseModel.php(943): CodeIgniter\Model->doUpdate([...], [...])
 7 SYSTEMPATH\Model.php(756): CodeIgniter\BaseModel->update([...], [...])
 8 APPPATH\Controllers\MahasiswaController.php(133): CodeIgniter\Model->update('10', [...])
 9 SYSTEMPATH\CodeIgniter.php(934): App\Controllers\MahasiswaController->update()
10 SYSTEMPATH\CodeIgniter.php(499): CodeIgniter\CodeIgniter->runController(Object(App\Controllers\MahasiswaController))
11 SYSTEMPATH\CodeIgniter.php(368): CodeIgniter\CodeIgniter->handleRequest(null, Object(Config\Cache), false)
12 FCPATH\index.php(67): CodeIgniter\CodeIgniter->run()
13 SYSTEMPATH\Commands\Server\rewrite.php(47): require_once('C:\\Users\\HP\\Desktop\\Bintang Fajar Julio_2007411033_CI UTS\\public\\index.php')
CRITICAL - 2023-05-15 16:02:22 --> unlink(uploads/avatar/1684166474_d39d0448c48c194ece9d.jpg): No such file or directory
in APPPATH\Controllers\MahasiswaController.php on line 145.
 1 [internal function]: CodeIgniter\Debug\Exceptions->errorHandler(2, 'unlink(uploads/avatar/1684166474_d39d0448c48c194ece9d.jpg): No such file or directory', 'C:\\Users\\HP\\Desktop\\Bintang Fajar Julio_2007411033_CI UTS\\app\\Controllers\\MahasiswaController.php', 145)
 2 APPPATH\Controllers\MahasiswaController.php(145): unlink('uploads/avatar/1684166474_d39d0448c48c194ece9d.jpg')
 3 SYSTEMPATH\CodeIgniter.php(934): App\Controllers\MahasiswaController->delete('10')
 4 SYSTEMPATH\CodeIgniter.php(499): CodeIgniter\CodeIgniter->runController(Object(App\Controllers\MahasiswaController))
 5 SYSTEMPATH\CodeIgniter.php(368): CodeIgniter\CodeIgniter->handleRequest(null, Object(Config\Cache), false)
 6 FCPATH\index.php(67): CodeIgniter\CodeIgniter->run()
 7 SYSTEMPATH\Commands\Server\rewrite.php(47): require_once('C:\\Users\\HP\\Desktop\\Bintang Fajar Julio_2007411033_CI UTS\\public\\index.php')
